<?xml version="1.0" encoding="UTF-8"?>
<!-- Generated by org.testng.reporters.JUnitReportReporter -->
<testsuite skipped="0" hostname="DESKTOP-5HBGD9I" name="test.SampleTest" tests="1" failures="0" timestamp="28 Jan 2021 19:32:26 GMT" time="23.471" errors="0">
  <testcase name="amazonItemCostAssertion" time="23.471" classname="test.SampleTest"/>
</testsuite> <!-- test.SampleTest -->
